# JRE version: OpenJDK Runtime Environment (8.0_152-b06) (build 1.8.0_152-release-1136-b06)
# Java VM: OpenJDK 64-Bit Server VM (25.152-b06 mixed mode windows-amd64 compressed oops)
Heap:
 PSYoungGen      total 130560K, used 44803K [0x00000000e0000000, 0x00000000e9780000, 0x0000000100000000)
  eden space 111104K, 29% used [0x00000000e0000000,0x00000000e20285c8,0x00000000e6c80000)
  from space 19456K, 61% used [0x00000000e6c80000,0x00000000e7818938,0x00000000e7f80000)
  to   space 15360K, 0% used [0x00000000e7f80000,0x00000000e7f80000,0x00000000e8e80000)
 ParOldGen       total 101888K, used 34980K [0x00000000a0000000, 0x00000000a6380000, 0x00000000e0000000)
  object space 101888K, 34% used [0x00000000a0000000,0x00000000a2229248,0x00000000a6380000)
 Metaspace       used 59582K, capacity 61348K, committed 61696K, reserved 1101824K
  class space    used 8117K, capacity 8580K, committed 8704K, reserved 1048576K
GC Heap History (10 events):
Event: 28.661 GC heap before
{Heap before GC invocations=14 (full 2):
 PSYoungGen      total 87552K, used 78336K [0x00000000e0000000, 0x00000000e7500000, 0x0000000100000000)
  eden space 78336K, 100% used [0x00000000e0000000,0x00000000e4c80000,0x00000000e4c80000)
  from space 9216K, 0% used [0x00000000e4c80000,0x00000000e4c80000,0x00000000e5580000)
  to   space 11776K, 0% used [0x00000000e6980000,0x00000000e6980000,0x00000000e7500000)
 ParOldGen       total 65024K, used 18753K [0x00000000a0000000, 0x00000000a3f80000, 0x00000000e0000000)
  object space 65024K, 28% used [0x00000000a0000000,0x00000000a1250690,0x00000000a3f80000)
 Metaspace       used 41994K, capacity 42808K, committed 43136K, reserved 1087488K
  class space    used 5667K, capacity 5945K, committed 6016K, reserved 1048576K
Event: 28.702 GC heap after
Heap after GC invocations=14 (full 2):
 PSYoungGen      total 105984K, used 8409K [0x00000000e0000000, 0x00000000e7400000, 0x0000000100000000)
  eden space 95232K, 0% used [0x00000000e0000000,0x00000000e0000000,0x00000000e5d00000)
  from space 10752K, 78% used [0x00000000e6980000,0x00000000e71b6508,0x00000000e7400000)
  to   space 11776K, 0% used [0x00000000e5d00000,0x00000000e5d00000,0x00000000e6880000)
 ParOldGen       total 65024K, used 18761K [0x00000000a0000000, 0x00000000a3f80000, 0x00000000e0000000)
  object space 65024K, 28% used [0x00000000a0000000,0x00000000a1252690,0x00000000a3f80000)
 Metaspace       used 41994K, capacity 42808K, committed 43136K, reserved 1087488K
  class space    used 5667K, capacity 5945K, committed 6016K, reserved 1048576K
}
Event: 33.920 GC heap before
{Heap before GC invocations=15 (full 2):
 PSYoungGen      total 105984K, used 103641K [0x00000000e0000000, 0x00000000e7400000, 0x0000000100000000)
  eden space 95232K, 100% used [0x00000000e0000000,0x00000000e5d00000,0x00000000e5d00000)
  from space 10752K, 78% used [0x00000000e6980000,0x00000000e71b6508,0x00000000e7400000)
  to   space 11776K, 0% used [0x00000000e5d00000,0x00000000e5d00000,0x00000000e6880000)
 ParOldGen       total 65024K, used 18761K [0x00000000a0000000, 0x00000000a3f80000, 0x00000000e0000000)
  object space 65024K, 28% used [0x00000000a0000000,0x00000000a1252690,0x00000000a3f80000)
 Metaspace       used 50933K, capacity 51970K, committed 52352K, reserved 1093632K
  class space    used 6812K, capacity 7177K, committed 7296K, reserved 1048576K
Event: 33.973 GC heap after
Heap after GC invocations=15 (full 2):
 PSYoungGen      total 107008K, used 11754K [0x00000000e0000000, 0x00000000e8e80000, 0x0000000100000000)
  eden space 95232K, 0% used [0x00000000e0000000,0x00000000e0000000,0x00000000e5d00000)
  from space 11776K, 99% used [0x00000000e5d00000,0x00000000e687a8f0,0x00000000e6880000)
  to   space 15360K, 0% used [0x00000000e7f80000,0x00000000e7f80000,0x00000000e8e80000)
 ParOldGen       total 65024K, used 23483K [0x00000000a0000000, 0x00000000a3f80000, 0x00000000e0000000)
  object space 65024K, 36% used [0x00000000a0000000,0x00000000a16eec50,0x00000000a3f80000)
 Metaspace       used 50933K, capacity 51970K, committed 52352K, reserved 1093632K
  class space    used 6812K, capacity 7177K, committed 7296K, reserved 1048576K
}
Event: 38.623 GC heap before
{Heap before GC invocations=16 (full 2):
 PSYoungGen      total 107008K, used 99579K [0x00000000e0000000, 0x00000000e8e80000, 0x0000000100000000)
  eden space 95232K, 92% used [0x00000000e0000000,0x00000000e55c4448,0x00000000e5d00000)
  from space 11776K, 99% used [0x00000000e5d00000,0x00000000e687a8f0,0x00000000e6880000)
  to   space 15360K, 0% used [0x00000000e7f80000,0x00000000e7f80000,0x00000000e8e80000)
 ParOldGen       total 65024K, used 23483K [0x00000000a0000000, 0x00000000a3f80000, 0x00000000e0000000)
  object space 65024K, 36% used [0x00000000a0000000,0x00000000a16eec50,0x00000000a3f80000)
 Metaspace       used 57346K, capacity 59002K, committed 59028K, reserved 1099776K
  class space    used 7776K, capacity 8188K, committed 8192K, reserved 1048576K
Event: 38.700 GC heap after
Heap after GC invocations=16 (full 2):
 PSYoungGen      total 126464K, used 15351K [0x00000000e0000000, 0x00000000e9780000, 0x0000000100000000)
  eden space 111104K, 0% used [0x00000000e0000000,0x00000000e0000000,0x00000000e6c80000)
  from space 15360K, 99% used [0x00000000e7f80000,0x00000000e8e7de08,0x00000000e8e80000)
  to   space 19456K, 0% used [0x00000000e6c80000,0x00000000e6c80000,0x00000000e7f80000)
 ParOldGen       total 65024K, used 28396K [0x00000000a0000000, 0x00000000a3f80000, 0x00000000e0000000)
  object space 65024K, 43% used [0x00000000a0000000,0x00000000a1bbb230,0x00000000a3f80000)
 Metaspace       used 57346K, capacity 59002K, committed 59028K, reserved 1099776K
  class space    used 7776K, capacity 8188K, committed 8192K, reserved 1048576K
}
Event: 38.700 GC heap before
{Heap before GC invocations=17 (full 3):
 PSYoungGen      total 126464K, used 15351K [0x00000000e0000000, 0x00000000e9780000, 0x0000000100000000)
  eden space 111104K, 0% used [0x00000000e0000000,0x00000000e0000000,0x00000000e6c80000)
  from space 15360K, 99% used [0x00000000e7f80000,0x00000000e8e7de08,0x00000000e8e80000)
  to   space 19456K, 0% used [0x00000000e6c80000,0x00000000e6c80000,0x00000000e7f80000)
 ParOldGen       total 65024K, used 28396K [0x00000000a0000000, 0x00000000a3f80000, 0x00000000e0000000)
  object space 65024K, 43% used [0x00000000a0000000,0x00000000a1bbb230,0x00000000a3f80000)
 Metaspace       used 57346K, capacity 59002K, committed 59028K, reserved 1099776K
  class space    used 7776K, capacity 8188K, committed 8192K, reserved 1048576K
Event: 39.247 GC heap after
Heap after GC invocations=17 (full 3):
 PSYoungGen      total 126464K, used 0K [0x00000000e0000000, 0x00000000e9780000, 0x0000000100000000)
  eden space 111104K, 0% used [0x00000000e0000000,0x00000000e0000000,0x00000000e6c80000)
  from space 15360K, 0% used [0x00000000e7f80000,0x00000000e7f80000,0x00000000e8e80000)
  to   space 19456K, 0% used [0x00000000e6c80000,0x00000000e6c80000,0x00000000e7f80000)
 ParOldGen       total 101888K, used 34972K [0x00000000a0000000, 0x00000000a6380000, 0x00000000e0000000)
  object space 101888K, 34% used [0x00000000a0000000,0x00000000a2227248,0x00000000a6380000)
 Metaspace       used 57346K, capacity 59002K, committed 59028K, reserved 1099776K
  class space    used 7776K, capacity 8188K, committed 8192K, reserved 1048576K
}
Event: 41.970 GC heap before
{Heap before GC invocations=18 (full 3):
 PSYoungGen      total 126464K, used 111104K [0x00000000e0000000, 0x00000000e9780000, 0x0000000100000000)
  eden space 111104K, 100% used [0x00000000e0000000,0x00000000e6c80000,0x00000000e6c80000)
  from space 15360K, 0% used [0x00000000e7f80000,0x00000000e7f80000,0x00000000e8e80000)
  to   space 19456K, 0% used [0x00000000e6c80000,0x00000000e6c80000,0x00000000e7f80000)
 ParOldGen       total 101888K, used 34972K [0x00000000a0000000, 0x00000000a6380000, 0x00000000e0000000)
  object space 101888K, 34% used [0x00000000a0000000,0x00000000a2227248,0x00000000a6380000)
 Metaspace       used 58995K, capacity 60760K, committed 61056K, reserved 1101824K
  class space    used 8010K, capacity 8459K, committed 8576K, reserved 1048576K
Event: 42.071 GC heap after
Heap after GC invocations=18 (full 3):
 PSYoungGen      total 130560K, used 11874K [0x00000000e0000000, 0x00000000e9780000, 0x0000000100000000)
  eden space 111104K, 0% used [0x00000000e0000000,0x00000000e0000000,0x00000000e6c80000)
  from space 19456K, 61% used [0x00000000e6c80000,0x00000000e7818938,0x00000000e7f80000)
  to   space 15360K, 0% used [0x00000000e7f80000,0x00000000e7f80000,0x00000000e8e80000)
 ParOldGen       total 101888K, used 34980K [0x00000000a0000000, 0x00000000a6380000, 0x00000000e0000000)
  object space 101888K, 34% used [0x00000000a0000000,0x00000000a2229248,0x00000000a6380000)
 Metaspace       used 58995K, capacity 60760K, committed 61056K, reserved 1101824K
  class space    used 8010K, capacity 8459K, committed 8576K, reserved 1048576K
}

