# JRE version: OpenJDK Runtime Environment (8.0_152-b06) (build 1.8.0_152-release-1136-b06)
# Java VM: OpenJDK 64-Bit Server VM (25.152-b06 mixed mode windows-amd64 compressed oops)
Heap:
 PSYoungGen      total 169984K, used 110245K [0x00000000e0000000, 0x00000000eba00000, 0x0000000100000000)
  eden space 150016K, 73% used [0x00000000e0000000,0x00000000e6ba9780,0x00000000e9280000)
  from space 19968K, 0% used [0x00000000e9280000,0x00000000e9280000,0x00000000ea600000)
  to   space 15360K, 0% used [0x00000000ea600000,0x00000000ea600000,0x00000000eb500000)
 ParOldGen       total 84992K, used 29080K [0x00000000a0000000, 0x00000000a5300000, 0x00000000e0000000)
  object space 84992K, 34% used [0x00000000a0000000,0x00000000a1c66330,0x00000000a5300000)
 Metaspace       used 61664K, capacity 63722K, committed 63832K, reserved 1103872K
  class space    used 8211K, capacity 8763K, committed 8832K, reserved 1048576K
GC Heap History (10 events):
Event: 32.277 GC heap before
{Heap before GC invocations=12 (full 2):
 PSYoungGen      total 125440K, used 2032K [0x00000000e0000000, 0x00000000ea400000, 0x0000000100000000)
  eden space 123392K, 0% used [0x00000000e0000000,0x00000000e0000000,0x00000000e7880000)
  from space 2048K, 99% used [0x00000000e8480000,0x00000000e867c010,0x00000000e8680000)
  to   space 12288K, 0% used [0x00000000e7880000,0x00000000e7880000,0x00000000e8480000)
 ParOldGen       total 39936K, used 23357K [0x00000000a0000000, 0x00000000a2700000, 0x00000000e0000000)
  object space 39936K, 58% used [0x00000000a0000000,0x00000000a16cf6a8,0x00000000a2700000)
 Metaspace       used 34458K, capacity 35208K, committed 35416K, reserved 1079296K
  class space    used 4750K, capacity 4990K, committed 4992K, reserved 1048576K
Event: 32.567 GC heap after
Heap after GC invocations=12 (full 2):
 PSYoungGen      total 125440K, used 0K [0x00000000e0000000, 0x00000000ea400000, 0x0000000100000000)
  eden space 123392K, 0% used [0x00000000e0000000,0x00000000e0000000,0x00000000e7880000)
  from space 2048K, 0% used [0x00000000e8480000,0x00000000e8480000,0x00000000e8680000)
  to   space 12288K, 0% used [0x00000000e7880000,0x00000000e7880000,0x00000000e8480000)
 ParOldGen       total 64000K, used 17442K [0x00000000a0000000, 0x00000000a3e80000, 0x00000000e0000000)
  object space 64000K, 27% used [0x00000000a0000000,0x00000000a1108940,0x00000000a3e80000)
 Metaspace       used 34434K, capacity 35120K, committed 35416K, reserved 1079296K
  class space    used 4743K, capacity 4982K, committed 4992K, reserved 1048576K
}
Event: 38.605 GC heap before
{Heap before GC invocations=13 (full 2):
 PSYoungGen      total 125440K, used 123392K [0x00000000e0000000, 0x00000000ea400000, 0x0000000100000000)
  eden space 123392K, 100% used [0x00000000e0000000,0x00000000e7880000,0x00000000e7880000)
  from space 2048K, 0% used [0x00000000e8480000,0x00000000e8480000,0x00000000e8680000)
  to   space 12288K, 0% used [0x00000000e7880000,0x00000000e7880000,0x00000000e8480000)
 ParOldGen       total 64000K, used 17442K [0x00000000a0000000, 0x00000000a3e80000, 0x00000000e0000000)
  object space 64000K, 27% used [0x00000000a0000000,0x00000000a1108940,0x00000000a3e80000)
 Metaspace       used 45118K, capacity 45980K, committed 46296K, reserved 1089536K
  class space    used 6022K, capacity 6312K, committed 6400K, reserved 1048576K
Event: 38.650 GC heap after
Heap after GC invocations=13 (full 2):
 PSYoungGen      total 135680K, used 12287K [0x00000000e0000000, 0x00000000eb500000, 0x0000000100000000)
  eden space 123392K, 0% used [0x00000000e0000000,0x00000000e0000000,0x00000000e7880000)
  from space 12288K, 99% used [0x00000000e7880000,0x00000000e847ff88,0x00000000e8480000)
  to   space 15360K, 0% used [0x00000000ea600000,0x00000000ea600000,0x00000000eb500000)
 ParOldGen       total 64000K, used 20395K [0x00000000a0000000, 0x00000000a3e80000, 0x00000000e0000000)
  object space 64000K, 31% used [0x00000000a0000000,0x00000000a13ead58,0x00000000a3e80000)
 Metaspace       used 45118K, capacity 45980K, committed 46296K, reserved 1089536K
  class space    used 6022K, capacity 6312K, committed 6400K, reserved 1048576K
}
Event: 89.895 GC heap before
{Heap before GC invocations=14 (full 2):
 PSYoungGen      total 135680K, used 135679K [0x00000000e0000000, 0x00000000eb500000, 0x0000000100000000)
  eden space 123392K, 100% used [0x00000000e0000000,0x00000000e7880000,0x00000000e7880000)
  from space 12288K, 99% used [0x00000000e7880000,0x00000000e847ff88,0x00000000e8480000)
  to   space 15360K, 0% used [0x00000000ea600000,0x00000000ea600000,0x00000000eb500000)
 ParOldGen       total 64000K, used 20395K [0x00000000a0000000, 0x00000000a3e80000, 0x00000000e0000000)
  object space 64000K, 31% used [0x00000000a0000000,0x00000000a13ead58,0x00000000a3e80000)
 Metaspace       used 56817K, capacity 58418K, committed 58712K, reserved 1099776K
  class space    used 7416K, capacity 7948K, committed 8064K, reserved 1048576K
Event: 89.980 GC heap after
Heap after GC invocations=14 (full 2):
 PSYoungGen      total 165376K, used 15348K [0x00000000e0000000, 0x00000000eba00000, 0x0000000100000000)
  eden space 150016K, 0% used [0x00000000e0000000,0x00000000e0000000,0x00000000e9280000)
  from space 15360K, 99% used [0x00000000ea600000,0x00000000eb4fd2b8,0x00000000eb500000)
  to   space 19968K, 0% used [0x00000000e9280000,0x00000000e9280000,0x00000000ea600000)
 ParOldGen       total 64000K, used 26467K [0x00000000a0000000, 0x00000000a3e80000, 0x00000000e0000000)
  object space 64000K, 41% used [0x00000000a0000000,0x00000000a19d8e50,0x00000000a3e80000)
 Metaspace       used 56817K, capacity 58418K, committed 58712K, reserved 1099776K
  class space    used 7416K, capacity 7948K, committed 8064K, reserved 1048576K
}
Event: 90.214 GC heap before
{Heap before GC invocations=15 (full 2):
 PSYoungGen      total 165376K, used 20704K [0x00000000e0000000, 0x00000000eba00000, 0x0000000100000000)
  eden space 150016K, 3% used [0x00000000e0000000,0x00000000e053b038,0x00000000e9280000)
  from space 15360K, 99% used [0x00000000ea600000,0x00000000eb4fd2b8,0x00000000eb500000)
  to   space 19968K, 0% used [0x00000000e9280000,0x00000000e9280000,0x00000000ea600000)
 ParOldGen       total 64000K, used 26467K [0x00000000a0000000, 0x00000000a3e80000, 0x00000000e0000000)
  object space 64000K, 41% used [0x00000000a0000000,0x00000000a19d8e50,0x00000000a3e80000)
 Metaspace       used 57239K, capacity 58892K, committed 58968K, reserved 1099776K
  class space    used 7485K, capacity 8007K, committed 8064K, reserved 1048576K
Event: 90.342 GC heap after
Heap after GC invocations=15 (full 2):
 PSYoungGen      total 169984K, used 671K [0x00000000e0000000, 0x00000000eba00000, 0x0000000100000000)
  eden space 150016K, 0% used [0x00000000e0000000,0x00000000e0000000,0x00000000e9280000)
  from space 19968K, 3% used [0x00000000e9280000,0x00000000e9327f00,0x00000000ea600000)
  to   space 15360K, 0% used [0x00000000ea600000,0x00000000ea600000,0x00000000eb500000)
 ParOldGen       total 64000K, used 41191K [0x00000000a0000000, 0x00000000a3e80000, 0x00000000e0000000)
  object space 64000K, 64% used [0x00000000a0000000,0x00000000a2839e88,0x00000000a3e80000)
 Metaspace       used 57239K, capacity 58892K, committed 58968K, reserved 1099776K
  class space    used 7485K, capacity 8007K, committed 8064K, reserved 1048576K
}
Event: 90.342 GC heap before
{Heap before GC invocations=16 (full 3):
 PSYoungGen      total 169984K, used 671K [0x00000000e0000000, 0x00000000eba00000, 0x0000000100000000)
  eden space 150016K, 0% used [0x00000000e0000000,0x00000000e0000000,0x00000000e9280000)
  from space 19968K, 3% used [0x00000000e9280000,0x00000000e9327f00,0x00000000ea600000)
  to   space 15360K, 0% used [0x00000000ea600000,0x00000000ea600000,0x00000000eb500000)
 ParOldGen       total 64000K, used 41191K [0x00000000a0000000, 0x00000000a3e80000, 0x00000000e0000000)
  object space 64000K, 64% used [0x00000000a0000000,0x00000000a2839e88,0x00000000a3e80000)
 Metaspace       used 57239K, capacity 58892K, committed 58968K, reserved 1099776K
  class space    used 7485K, capacity 8007K, committed 8064K, reserved 1048576K
Event: 91.275 GC heap after
Heap after GC invocations=16 (full 3):
 PSYoungGen      total 169984K, used 0K [0x00000000e0000000, 0x00000000eba00000, 0x0000000100000000)
  eden space 150016K, 0% used [0x00000000e0000000,0x00000000e0000000,0x00000000e9280000)
  from space 19968K, 0% used [0x00000000e9280000,0x00000000e9280000,0x00000000ea600000)
  to   space 15360K, 0% used [0x00000000ea600000,0x00000000ea600000,0x00000000eb500000)
 ParOldGen       total 84992K, used 29080K [0x00000000a0000000, 0x00000000a5300000, 0x00000000e0000000)
  object space 84992K, 34% used [0x00000000a0000000,0x00000000a1c66330,0x00000000a5300000)
 Metaspace       used 57239K, capacity 58892K, committed 58968K, reserved 1099776K
  class space    used 7485K, capacity 8007K, committed 8064K, reserved 1048576K
}

